# JRE version: OpenJDK Runtime Environment (11.0.8+10) (build 11.0.8+10-b944.6842174)
# Java VM: OpenJDK 64-Bit Server VM (11.0.8+10-b944.6842174, mixed mode, tiered, compressed oops, g1 gc, windows-amd64)
Heap:
 garbage-first heap   total 131072K, used 63829K [0x0000000080000000, 0x0000000100000000)
  region size 1024K, 47 young (48128K), 8 survivors (8192K)
 Metaspace       used 43319K, capacity 44272K, committed 44496K, reserved 1087488K
  class space    used 5550K, capacity 5891K, committed 6016K, reserved 1048576K
GC Heap History (12 events):
Event: 0.710 GC heap before
{Heap before GC invocations=0 (full 0):
 garbage-first heap   total 131072K, used 29696K [0x0000000080000000, 0x0000000100000000)
  region size 1024K, 24 young (24576K), 0 survivors (0K)
 Metaspace       used 10805K, capacity 11017K, committed 11264K, reserved 1058816K
  class space    used 1146K, capacity 1203K, committed 1280K, reserved 1048576K
}
Event: 0.716 GC heap after
{Heap after GC invocations=1 (full 0):
 garbage-first heap   total 131072K, used 8753K [0x0000000080000000, 0x0000000100000000)
  region size 1024K, 3 young (3072K), 3 survivors (3072K)
 Metaspace       used 10805K, capacity 11017K, committed 11264K, reserved 1058816K
  class space    used 1146K, capacity 1203K, committed 1280K, reserved 1048576K
}
Event: 2.442 GC heap before
{Heap before GC invocations=1 (full 0):
 garbage-first heap   total 131072K, used 82481K [0x0000000080000000, 0x0000000100000000)
  region size 1024K, 76 young (77824K), 3 survivors (3072K)
 Metaspace       used 19387K, capacity 19765K, committed 19968K, reserved 1067008K
  class space    used 2347K, capacity 2470K, committed 2560K, reserved 1048576K
}
Event: 2.450 GC heap after
{Heap after GC invocations=2 (full 0):
 garbage-first heap   total 131072K, used 15574K [0x0000000080000000, 0x0000000100000000)
  region size 1024K, 10 young (10240K), 10 survivors (10240K)
 Metaspace       used 19387K, capacity 19765K, committed 19968K, reserved 1067008K
  class space    used 2347K, capacity 2470K, committed 2560K, reserved 1048576K
}
Event: 2.528 GC heap before
{Heap before GC invocations=2 (full 0):
 garbage-first heap   total 131072K, used 19670K [0x0000000080000000, 0x0000000100000000)
  region size 1024K, 15 young (15360K), 10 survivors (10240K)
 Metaspace       used 20616K, capacity 21118K, committed 21296K, reserved 1069056K
  class space    used 2424K, capacity 2601K, committed 2688K, reserved 1048576K
}
Event: 2.536 GC heap after
{Heap after GC invocations=3 (full 0):
 garbage-first heap   total 131072K, used 16133K [0x0000000080000000, 0x0000000100000000)
  region size 1024K, 1 young (1024K), 1 survivors (1024K)
 Metaspace       used 20616K, capacity 21118K, committed 21296K, reserved 1069056K
  class space    used 2424K, capacity 2601K, committed 2688K, reserved 1048576K
}
Event: 3.276 GC heap before
{Heap before GC invocations=4 (full 0):
 garbage-first heap   total 131072K, used 67333K [0x0000000080000000, 0x0000000100000000)
  region size 1024K, 51 young (52224K), 1 survivors (1024K)
 Metaspace       used 26628K, capacity 27170K, committed 27440K, reserved 1073152K
  class space    used 3414K, capacity 3606K, committed 3712K, reserved 1048576K
}
Event: 3.279 GC heap after
{Heap after GC invocations=5 (full 0):
 garbage-first heap   total 131072K, used 17622K [0x0000000080000000, 0x0000000100000000)
  region size 1024K, 3 young (3072K), 3 survivors (3072K)
 Metaspace       used 26628K, capacity 27170K, committed 27440K, reserved 1073152K
  class space    used 3414K, capacity 3606K, committed 3712K, reserved 1048576K
}
Event: 4.129 GC heap before
{Heap before GC invocations=5 (full 0):
 garbage-first heap   total 131072K, used 62678K [0x0000000080000000, 0x0000000100000000)
  region size 1024K, 48 young (49152K), 3 survivors (3072K)
 Metaspace       used 35138K, capacity 35795K, committed 35920K, reserved 1081344K
  class space    used 4497K, capacity 4779K, committed 4864K, reserved 1048576K
}
Event: 4.137 GC heap after
{Heap after GC invocations=6 (full 0):
 garbage-first heap   total 131072K, used 20806K [0x0000000080000000, 0x0000000100000000)
  region size 1024K, 6 young (6144K), 6 survivors (6144K)
 Metaspace       used 35138K, capacity 35795K, committed 35920K, reserved 1081344K
  class space    used 4497K, capacity 4779K, committed 4864K, reserved 1048576K
}
Event: 5.293 GC heap before
{Heap before GC invocations=7 (full 0):
 garbage-first heap   total 131072K, used 85318K [0x0000000080000000, 0x0000000100000000)
  region size 1024K, 67 young (68608K), 6 survivors (6144K)
 Metaspace       used 40456K, capacity 41347K, committed 41424K, reserved 1085440K
  class space    used 5179K, capacity 5491K, committed 5504K, reserved 1048576K
}
Event: 5.301 GC heap after
{Heap after GC invocations=8 (full 0):
 garbage-first heap   total 131072K, used 24917K [0x0000000080000000, 0x0000000100000000)
  region size 1024K, 8 young (8192K), 8 survivors (8192K)
 Metaspace       used 40456K, capacity 41347K, committed 41424K, reserved 1085440K
  class space    used 5179K, capacity 5491K, committed 5504K, reserved 1048576K
}

