# JRE version: OpenJDK Runtime Environment (11.0.8+10) (build 11.0.8+10-b944.6842174)
# Java VM: OpenJDK 64-Bit Server VM (11.0.8+10-b944.6842174, mixed mode, tiered, compressed oops, g1 gc, windows-amd64)
Heap:
 garbage-first heap   total 852992K, used 227200K [0x0000000080000000, 0x0000000100000000)
  region size 1024K, 3 young (3072K), 3 survivors (3072K)
 Metaspace       used 97682K, capacity 100264K, committed 100432K, reserved 1136640K
  class space    used 12447K, capacity 13368K, committed 13440K, reserved 1048576K
GC Heap History (20 events):
Event: 19.763 GC heap after
{Heap after GC invocations=37 (full 0):
 garbage-first heap   total 189440K, used 137419K [0x0000000080000000, 0x0000000100000000)
  region size 1024K, 4 young (4096K), 4 survivors (4096K)
 Metaspace       used 96692K, capacity 99163K, committed 99408K, reserved 1134592K
  class space    used 12395K, capacity 13309K, committed 13440K, reserved 1048576K
}
Event: 19.820 GC heap before
{Heap before GC invocations=38 (full 0):
 garbage-first heap   total 189440K, used 155851K [0x0000000080000000, 0x0000000100000000)
  region size 1024K, 23 young (23552K), 4 survivors (4096K)
 Metaspace       used 96800K, capacity 99243K, committed 99408K, reserved 1134592K
  class space    used 12397K, capacity 13309K, committed 13440K, reserved 1048576K
}
Event: 19.830 GC heap after
{Heap after GC invocations=39 (full 0):
 garbage-first heap   total 189440K, used 141089K [0x0000000080000000, 0x0000000100000000)
  region size 1024K, 3 young (3072K), 3 survivors (3072K)
 Metaspace       used 96800K, capacity 99243K, committed 99408K, reserved 1134592K
  class space    used 12397K, capacity 13309K, committed 13440K, reserved 1048576K
}
Event: 19.870 GC heap before
{Heap before GC invocations=39 (full 0):
 garbage-first heap   total 189440K, used 158497K [0x0000000080000000, 0x0000000100000000)
  region size 1024K, 21 young (21504K), 3 survivors (3072K)
 Metaspace       used 96843K, capacity 99250K, committed 99408K, reserved 1134592K
  class space    used 12398K, capacity 13310K, committed 13440K, reserved 1048576K
}
Event: 19.882 GC heap after
{Heap after GC invocations=40 (full 0):
 garbage-first heap   total 238592K, used 144964K [0x0000000080000000, 0x0000000100000000)
  region size 1024K, 3 young (3072K), 3 survivors (3072K)
 Metaspace       used 96843K, capacity 99250K, committed 99408K, reserved 1134592K
  class space    used 12398K, capacity 13310K, committed 13440K, reserved 1048576K
}
Event: 20.201 GC heap before
{Heap before GC invocations=41 (full 0):
 garbage-first heap   total 238592K, used 181828K [0x0000000080000000, 0x0000000100000000)
  region size 1024K, 37 young (37888K), 3 survivors (3072K)
 Metaspace       used 96906K, capacity 99390K, committed 99664K, reserved 1136640K
  class space    used 12401K, capacity 13311K, committed 13440K, reserved 1048576K
}
Event: 20.215 GC heap after
{Heap after GC invocations=42 (full 0):
 garbage-first heap   total 238592K, used 152957K [0x0000000080000000, 0x0000000100000000)
  region size 1024K, 5 young (5120K), 5 survivors (5120K)
 Metaspace       used 96906K, capacity 99390K, committed 99664K, reserved 1136640K
  class space    used 12401K, capacity 13311K, committed 13440K, reserved 1048576K
}
Event: 20.231 GC heap before
{Heap before GC invocations=42 (full 0):
 garbage-first heap   total 238592K, used 159101K [0x0000000080000000, 0x0000000100000000)
  region size 1024K, 11 young (11264K), 5 survivors (5120K)
 Metaspace       used 96911K, capacity 99390K, committed 99664K, reserved 1136640K
  class space    used 12401K, capacity 13311K, committed 13440K, reserved 1048576K
}
Event: 20.242 GC heap after
{Heap after GC invocations=43 (full 0):
 garbage-first heap   total 238592K, used 147951K [0x0000000080000000, 0x0000000100000000)
  region size 1024K, 2 young (2048K), 2 survivors (2048K)
 Metaspace       used 96911K, capacity 99390K, committed 99664K, reserved 1136640K
  class space    used 12401K, capacity 13311K, committed 13440K, reserved 1048576K
}
Event: 20.369 GC heap before
{Heap before GC invocations=43 (full 0):
 garbage-first heap   total 238592K, used 181743K [0x0000000080000000, 0x0000000100000000)
  region size 1024K, 36 young (36864K), 2 survivors (2048K)
 Metaspace       used 97360K, capacity 99850K, committed 99920K, reserved 1136640K
  class space    used 12462K, capacity 13409K, committed 13440K, reserved 1048576K
}
Event: 20.385 GC heap after
{Heap after GC invocations=44 (full 0):
 garbage-first heap   total 238592K, used 159167K [0x0000000080000000, 0x0000000100000000)
  region size 1024K, 5 young (5120K), 5 survivors (5120K)
 Metaspace       used 97360K, capacity 99850K, committed 99920K, reserved 1136640K
  class space    used 12462K, capacity 13409K, committed 13440K, reserved 1048576K
}
Event: 20.500 GC heap before
{Heap before GC invocations=44 (full 0):
 garbage-first heap   total 238592K, used 186815K [0x0000000080000000, 0x0000000100000000)
  region size 1024K, 33 young (33792K), 5 survivors (5120K)
 Metaspace       used 97454K, capacity 100071K, committed 100176K, reserved 1136640K
  class space    used 12464K, capacity 13412K, committed 13440K, reserved 1048576K
}
Event: 20.529 GC heap after
{Heap after GC invocations=45 (full 0):
 garbage-first heap   total 422912K, used 175104K [0x0000000080000000, 0x0000000100000000)
  region size 1024K, 5 young (5120K), 5 survivors (5120K)
 Metaspace       used 97454K, capacity 100071K, committed 100176K, reserved 1136640K
  class space    used 12464K, capacity 13412K, committed 13440K, reserved 1048576K
}
Event: 20.836 GC heap before
{Heap before GC invocations=46 (full 0):
 garbage-first heap   total 422912K, used 263168K [0x0000000080000000, 0x0000000100000000)
  region size 1024K, 92 young (94208K), 5 survivors (5120K)
 Metaspace       used 97527K, capacity 100080K, committed 100176K, reserved 1136640K
  class space    used 12467K, capacity 13412K, committed 13440K, reserved 1048576K
}
Event: 20.872 GC heap after
{Heap after GC invocations=47 (full 0):
 garbage-first heap   total 422912K, used 212616K [0x0000000080000000, 0x0000000100000000)
  region size 1024K, 12 young (12288K), 12 survivors (12288K)
 Metaspace       used 97527K, capacity 100080K, committed 100176K, reserved 1136640K
  class space    used 12467K, capacity 13412K, committed 13440K, reserved 1048576K
}
Event: 21.011 GC heap before
{Heap before GC invocations=47 (full 0):
 garbage-first heap   total 422912K, used 242312K [0x0000000080000000, 0x0000000100000000)
  region size 1024K, 43 young (44032K), 12 survivors (12288K)
 Metaspace       used 97540K, capacity 100082K, committed 100176K, reserved 1136640K
  class space    used 12467K, capacity 13412K, committed 13440K, reserved 1048576K
}
Event: 21.039 GC heap after
{Heap after GC invocations=48 (full 0):
 garbage-first heap   total 422912K, used 220672K [0x0000000080000000, 0x0000000100000000)
  region size 1024K, 7 young (7168K), 7 survivors (7168K)
 Metaspace       used 97540K, capacity 100082K, committed 100176K, reserved 1136640K
  class space    used 12467K, capacity 13412K, committed 13440K, reserved 1048576K
}
Event: 21.761 GC heap before
{Heap before GC invocations=49 (full 0):
 garbage-first heap   total 422912K, used 289280K [0x0000000080000000, 0x0000000100000000)
  region size 1024K, 76 young (77824K), 7 survivors (7168K)
 Metaspace       used 97502K, capacity 100021K, committed 100176K, reserved 1136640K
  class space    used 12439K, capacity 13361K, committed 13440K, reserved 1048576K
}
Event: 21.785 GC heap after
{Heap after GC invocations=50 (full 0):
 garbage-first heap   total 422912K, used 224841K [0x0000000080000000, 0x0000000100000000)
  region size 1024K, 7 young (7168K), 7 survivors (7168K)
 Metaspace       used 97502K, capacity 100021K, committed 100176K, reserved 1136640K
  class space    used 12439K, capacity 13361K, committed 13440K, reserved 1048576K
}
Event: 22.198 GC heap before
{Heap before GC invocations=50 (full 0):
 garbage-first heap   total 422912K, used 249417K [0x0000000080000000, 0x0000000100000000)
  region size 1024K, 20 young (20480K), 7 survivors (7168K)
 Metaspace       used 97682K, capacity 100264K, committed 100432K, reserved 1136640K
  class space    used 12447K, capacity 13368K, committed 13440K, reserved 1048576K
}

