# JRE version: OpenJDK Runtime Environment (11.0.8+10) (build 11.0.8+10-b944.6842174)
# Java VM: OpenJDK 64-Bit Server VM (11.0.8+10-b944.6842174, mixed mode, tiered, compressed oops, g1 gc, windows-amd64)
Heap:
 garbage-first heap   total 157696K, used 60122K [0x0000000080000000, 0x0000000100000000)
  region size 1024K, 9 young (9216K), 6 survivors (6144K)
 Metaspace       used 68574K, capacity 70130K, committed 70224K, reserved 1110016K
  class space    used 8831K, capacity 9404K, committed 9472K, reserved 1048576K
GC Heap History (20 events):
Event: 2.445 GC heap before
{Heap before GC invocations=1 (full 0):
 garbage-first heap   total 131072K, used 82564K [0x0000000080000000, 0x0000000100000000)
  region size 1024K, 76 young (77824K), 3 survivors (3072K)
 Metaspace       used 19393K, capacity 19765K, committed 19968K, reserved 1067008K
  class space    used 2346K, capacity 2470K, committed 2560K, reserved 1048576K
}
Event: 2.457 GC heap after
{Heap after GC invocations=2 (full 0):
 garbage-first heap   total 131072K, used 15572K [0x0000000080000000, 0x0000000100000000)
  region size 1024K, 10 young (10240K), 10 survivors (10240K)
 Metaspace       used 19393K, capacity 19765K, committed 19968K, reserved 1067008K
  class space    used 2346K, capacity 2470K, committed 2560K, reserved 1048576K
}
Event: 2.583 GC heap before
{Heap before GC invocations=2 (full 0):
 garbage-first heap   total 131072K, used 19668K [0x0000000080000000, 0x0000000100000000)
  region size 1024K, 15 young (15360K), 10 survivors (10240K)
 Metaspace       used 20682K, capacity 21124K, committed 21296K, reserved 1069056K
  class space    used 2429K, capacity 2607K, committed 2688K, reserved 1048576K
}
Event: 2.594 GC heap after
{Heap after GC invocations=3 (full 0):
 garbage-first heap   total 131072K, used 16354K [0x0000000080000000, 0x0000000100000000)
  region size 1024K, 1 young (1024K), 1 survivors (1024K)
 Metaspace       used 20682K, capacity 21124K, committed 21296K, reserved 1069056K
  class space    used 2429K, capacity 2607K, committed 2688K, reserved 1048576K
}
Event: 3.405 GC heap before
{Heap before GC invocations=4 (full 0):
 garbage-first heap   total 131072K, used 68578K [0x0000000080000000, 0x0000000100000000)
  region size 1024K, 52 young (53248K), 1 survivors (1024K)
 Metaspace       used 26683K, capacity 27305K, committed 27440K, reserved 1073152K
  class space    used 3422K, capacity 3609K, committed 3712K, reserved 1048576K
}
Event: 3.408 GC heap after
{Heap after GC invocations=5 (full 0):
 garbage-first heap   total 131072K, used 17994K [0x0000000080000000, 0x0000000100000000)
  region size 1024K, 3 young (3072K), 3 survivors (3072K)
 Metaspace       used 26683K, capacity 27305K, committed 27440K, reserved 1073152K
  class space    used 3422K, capacity 3609K, committed 3712K, reserved 1048576K
}
Event: 4.111 GC heap before
{Heap before GC invocations=5 (full 0):
 garbage-first heap   total 131072K, used 61002K [0x0000000080000000, 0x0000000100000000)
  region size 1024K, 47 young (48128K), 3 survivors (3072K)
 Metaspace       used 35108K, capacity 35791K, committed 35920K, reserved 1081344K
  class space    used 4488K, capacity 4777K, committed 4864K, reserved 1048576K
}
Event: 4.119 GC heap after
{Heap after GC invocations=6 (full 0):
 garbage-first heap   total 131072K, used 21167K [0x0000000080000000, 0x0000000100000000)
  region size 1024K, 6 young (6144K), 6 survivors (6144K)
 Metaspace       used 35108K, capacity 35791K, committed 35920K, reserved 1081344K
  class space    used 4488K, capacity 4777K, committed 4864K, reserved 1048576K
}
Event: 5.102 GC heap before
{Heap before GC invocations=7 (full 0):
 garbage-first heap   total 131072K, used 86703K [0x0000000080000000, 0x0000000100000000)
  region size 1024K, 67 young (68608K), 6 survivors (6144K)
 Metaspace       used 40487K, capacity 41347K, committed 41424K, reserved 1085440K
  class space    used 5180K, capacity 5491K, committed 5504K, reserved 1048576K
}
Event: 5.118 GC heap after
{Heap after GC invocations=8 (full 0):
 garbage-first heap   total 157696K, used 25183K [0x0000000080000000, 0x0000000100000000)
  region size 1024K, 8 young (8192K), 8 survivors (8192K)
 Metaspace       used 40487K, capacity 41347K, committed 41424K, reserved 1085440K
  class space    used 5180K, capacity 5491K, committed 5504K, reserved 1048576K
}
Event: 6.385 GC heap before
{Heap before GC invocations=8 (full 0):
 garbage-first heap   total 157696K, used 107103K [0x0000000080000000, 0x0000000100000000)
  region size 1024K, 83 young (84992K), 8 survivors (8192K)
 Metaspace       used 43666K, capacity 44689K, committed 44752K, reserved 1087488K
  class space    used 5585K, capacity 5963K, committed 6016K, reserved 1048576K
}
Event: 6.394 GC heap after
{Heap after GC invocations=9 (full 0):
 garbage-first heap   total 157696K, used 40124K [0x0000000080000000, 0x0000000100000000)
  region size 1024K, 11 young (11264K), 11 survivors (11264K)
 Metaspace       used 43666K, capacity 44689K, committed 44752K, reserved 1087488K
  class space    used 5585K, capacity 5963K, committed 6016K, reserved 1048576K
}
Event: 7.651 GC heap before
{Heap before GC invocations=9 (full 0):
 garbage-first heap   total 157696K, used 109756K [0x0000000080000000, 0x0000000100000000)
  region size 1024K, 79 young (80896K), 11 survivors (11264K)
 Metaspace       used 53760K, capacity 55016K, committed 55248K, reserved 1097728K
  class space    used 6814K, capacity 7260K, committed 7296K, reserved 1048576K
}
Event: 7.662 GC heap after
{Heap after GC invocations=10 (full 0):
 garbage-first heap   total 157696K, used 46062K [0x0000000080000000, 0x0000000100000000)
  region size 1024K, 6 young (6144K), 6 survivors (6144K)
 Metaspace       used 53760K, capacity 55016K, committed 55248K, reserved 1097728K
  class space    used 6814K, capacity 7260K, committed 7296K, reserved 1048576K
}
Event: 8.329 GC heap before
{Heap before GC invocations=10 (full 0):
 garbage-first heap   total 157696K, used 87022K [0x0000000080000000, 0x0000000100000000)
  region size 1024K, 47 young (48128K), 6 survivors (6144K)
 Metaspace       used 58872K, capacity 60187K, committed 60240K, reserved 1101824K
  class space    used 7418K, capacity 7910K, committed 7936K, reserved 1048576K
}
Event: 8.341 GC heap after
{Heap after GC invocations=11 (full 0):
 garbage-first heap   total 157696K, used 47418K [0x0000000080000000, 0x0000000100000000)
  region size 1024K, 8 young (8192K), 8 survivors (8192K)
 Metaspace       used 58872K, capacity 60187K, committed 60240K, reserved 1101824K
  class space    used 7418K, capacity 7910K, committed 7936K, reserved 1048576K
}
Event: 9.245 GC heap before
{Heap before GC invocations=12 (full 0):
 garbage-first heap   total 157696K, used 115002K [0x0000000080000000, 0x0000000100000000)
  region size 1024K, 74 young (75776K), 8 survivors (8192K)
 Metaspace       used 63676K, capacity 65200K, committed 65360K, reserved 1105920K
  class space    used 8069K, capacity 8602K, committed 8704K, reserved 1048576K
}
Event: 9.255 GC heap after
{Heap after GC invocations=13 (full 0):
 garbage-first heap   total 157696K, used 52580K [0x0000000080000000, 0x0000000100000000)
  region size 1024K, 8 young (8192K), 8 survivors (8192K)
 Metaspace       used 63676K, capacity 65200K, committed 65360K, reserved 1105920K
  class space    used 8069K, capacity 8602K, committed 8704K, reserved 1048576K
}
Event: 10.447 GC heap before
{Heap before GC invocations=13 (full 0):
 garbage-first heap   total 157696K, used 119140K [0x0000000080000000, 0x0000000100000000)
  region size 1024K, 73 young (74752K), 8 survivors (8192K)
 Metaspace       used 68360K, capacity 69967K, committed 70224K, reserved 1110016K
  class space    used 8799K, capacity 9395K, committed 9472K, reserved 1048576K
}
Event: 10.461 GC heap after
{Heap after GC invocations=14 (full 0):
 garbage-first heap   total 157696K, used 58074K [0x0000000080000000, 0x0000000100000000)
  region size 1024K, 6 young (6144K), 6 survivors (6144K)
 Metaspace       used 68360K, capacity 69967K, committed 70224K, reserved 1110016K
  class space    used 8799K, capacity 9395K, committed 9472K, reserved 1048576K
}

