# JRE version: OpenJDK Runtime Environment (11.0.8+10) (build 11.0.8+10-b944.6842174)
# Java VM: OpenJDK 64-Bit Server VM (11.0.8+10-b944.6842174, mixed mode, tiered, compressed oops, g1 gc, windows-amd64)
Heap:
 garbage-first heap   total 157696K, used 111140K [0x0000000080000000, 0x0000000100000000)
  region size 1024K, 59 young (60416K), 6 survivors (6144K)
 Metaspace       used 73191K, capacity 74855K, committed 75088K, reserved 1114112K
  class space    used 9518K, capacity 10131K, committed 10240K, reserved 1048576K
GC Heap History (20 events):
Event: 3.314 GC heap before
{Heap before GC invocations=1 (full 0):
 garbage-first heap   total 131072K, used 82261K [0x0000000080000000, 0x0000000100000000)
  region size 1024K, 76 young (77824K), 3 survivors (3072K)
 Metaspace       used 19384K, capacity 19761K, committed 19968K, reserved 1067008K
  class space    used 2347K, capacity 2470K, committed 2560K, reserved 1048576K
}
Event: 3.322 GC heap after
{Heap after GC invocations=2 (full 0):
 garbage-first heap   total 131072K, used 15281K [0x0000000080000000, 0x0000000100000000)
  region size 1024K, 10 young (10240K), 10 survivors (10240K)
 Metaspace       used 19384K, capacity 19761K, committed 19968K, reserved 1067008K
  class space    used 2347K, capacity 2470K, committed 2560K, reserved 1048576K
}
Event: 3.486 GC heap before
{Heap before GC invocations=2 (full 0):
 garbage-first heap   total 131072K, used 19377K [0x0000000080000000, 0x0000000100000000)
  region size 1024K, 15 young (15360K), 10 survivors (10240K)
 Metaspace       used 20670K, capacity 21120K, committed 21296K, reserved 1069056K
  class space    used 2431K, capacity 2607K, committed 2688K, reserved 1048576K
}
Event: 3.497 GC heap after
{Heap after GC invocations=3 (full 0):
 garbage-first heap   total 131072K, used 16120K [0x0000000080000000, 0x0000000100000000)
  region size 1024K, 1 young (1024K), 1 survivors (1024K)
 Metaspace       used 20670K, capacity 21120K, committed 21296K, reserved 1069056K
  class space    used 2431K, capacity 2607K, committed 2688K, reserved 1048576K
}
Event: 4.702 GC heap before
{Heap before GC invocations=4 (full 0):
 garbage-first heap   total 131072K, used 70392K [0x0000000080000000, 0x0000000100000000)
  region size 1024K, 54 young (55296K), 1 survivors (1024K)
 Metaspace       used 26817K, capacity 27402K, committed 27696K, reserved 1073152K
  class space    used 3442K, capacity 3643K, committed 3712K, reserved 1048576K
}
Event: 4.706 GC heap after
{Heap after GC invocations=5 (full 0):
 garbage-first heap   total 131072K, used 17634K [0x0000000080000000, 0x0000000100000000)
  region size 1024K, 3 young (3072K), 3 survivors (3072K)
 Metaspace       used 26817K, capacity 27402K, committed 27696K, reserved 1073152K
  class space    used 3442K, capacity 3643K, committed 3712K, reserved 1048576K
}
Event: 5.584 GC heap before
{Heap before GC invocations=5 (full 0):
 garbage-first heap   total 131072K, used 58594K [0x0000000080000000, 0x0000000100000000)
  region size 1024K, 45 young (46080K), 3 survivors (3072K)
 Metaspace       used 35092K, capacity 35755K, committed 35920K, reserved 1081344K
  class space    used 4489K, capacity 4745K, committed 4864K, reserved 1048576K
}
Event: 5.593 GC heap after
{Heap after GC invocations=6 (full 0):
 garbage-first heap   total 131072K, used 20732K [0x0000000080000000, 0x0000000100000000)
  region size 1024K, 6 young (6144K), 6 survivors (6144K)
 Metaspace       used 35092K, capacity 35755K, committed 35920K, reserved 1081344K
  class space    used 4489K, capacity 4745K, committed 4864K, reserved 1048576K
}
Event: 6.596 GC heap before
{Heap before GC invocations=7 (full 0):
 garbage-first heap   total 131072K, used 88316K [0x0000000080000000, 0x0000000100000000)
  region size 1024K, 69 young (70656K), 6 survivors (6144K)
 Metaspace       used 40571K, capacity 41482K, committed 41680K, reserved 1085440K
  class space    used 5196K, capacity 5495K, committed 5504K, reserved 1048576K
}
Event: 6.606 GC heap after
{Heap after GC invocations=8 (full 0):
 garbage-first heap   total 131072K, used 24687K [0x0000000080000000, 0x0000000100000000)
  region size 1024K, 7 young (7168K), 7 survivors (7168K)
 Metaspace       used 40571K, capacity 41482K, committed 41680K, reserved 1085440K
  class space    used 5196K, capacity 5495K, committed 5504K, reserved 1048576K
}
Event: 7.951 GC heap before
{Heap before GC invocations=8 (full 0):
 garbage-first heap   total 131072K, used 92271K [0x0000000080000000, 0x0000000100000000)
  region size 1024K, 70 young (71680K), 7 survivors (7168K)
 Metaspace       used 43557K, capacity 44574K, committed 44752K, reserved 1087488K
  class space    used 5563K, capacity 5926K, committed 6016K, reserved 1048576K
}
Event: 7.962 GC heap after
{Heap after GC invocations=9 (full 0):
 garbage-first heap   total 131072K, used 34756K [0x0000000080000000, 0x0000000100000000)
  region size 1024K, 9 young (9216K), 9 survivors (9216K)
 Metaspace       used 43557K, capacity 44574K, committed 44752K, reserved 1087488K
  class space    used 5563K, capacity 5926K, committed 6016K, reserved 1048576K
}
Event: 10.042 GC heap before
{Heap before GC invocations=9 (full 0):
 garbage-first heap   total 131072K, used 95172K [0x0000000080000000, 0x0000000100000000)
  region size 1024K, 67 young (68608K), 9 survivors (9216K)
 Metaspace       used 51762K, capacity 52982K, committed 53200K, reserved 1095680K
  class space    used 6553K, capacity 6990K, committed 7040K, reserved 1048576K
}
Event: 10.055 GC heap after
{Heap after GC invocations=10 (full 0):
 garbage-first heap   total 157696K, used 42629K [0x0000000080000000, 0x0000000100000000)
  region size 1024K, 6 young (6144K), 6 survivors (6144K)
 Metaspace       used 51762K, capacity 52982K, committed 53200K, reserved 1095680K
  class space    used 6553K, capacity 6990K, committed 7040K, reserved 1048576K
}
Event: 11.739 GC heap before
{Heap before GC invocations=10 (full 0):
 garbage-first heap   total 157696K, used 99973K [0x0000000080000000, 0x0000000100000000)
  region size 1024K, 63 young (64512K), 6 survivors (6144K)
 Metaspace       used 58852K, capacity 60163K, committed 60240K, reserved 1101824K
  class space    used 7416K, capacity 7905K, committed 7936K, reserved 1048576K
}
Event: 11.757 GC heap after
{Heap after GC invocations=11 (full 0):
 garbage-first heap   total 157696K, used 47444K [0x0000000080000000, 0x0000000100000000)
  region size 1024K, 5 young (5120K), 5 survivors (5120K)
 Metaspace       used 58852K, capacity 60163K, committed 60240K, reserved 1101824K
  class space    used 7416K, capacity 7905K, committed 7936K, reserved 1048576K
}
Event: 12.865 GC heap before
{Heap before GC invocations=12 (full 0):
 garbage-first heap   total 157696K, used 112980K [0x0000000080000000, 0x0000000100000000)
  region size 1024K, 69 young (70656K), 5 survivors (5120K)
 Metaspace       used 63434K, capacity 64920K, committed 64976K, reserved 1105920K
  class space    used 8006K, capacity 8531K, committed 8576K, reserved 1048576K
}
Event: 12.875 GC heap after
{Heap after GC invocations=13 (full 0):
 garbage-first heap   total 157696K, used 52903K [0x0000000080000000, 0x0000000100000000)
  region size 1024K, 6 young (6144K), 6 survivors (6144K)
 Metaspace       used 63434K, capacity 64920K, committed 64976K, reserved 1105920K
  class space    used 8006K, capacity 8531K, committed 8576K, reserved 1048576K
}
Event: 14.283 GC heap before
{Heap before GC invocations=14 (full 0):
 garbage-first heap   total 157696K, used 117415K [0x0000000080000000, 0x0000000100000000)
  region size 1024K, 69 young (70656K), 6 survivors (6144K)
 Metaspace       used 68354K, capacity 69939K, committed 70224K, reserved 1110016K
  class space    used 8802K, capacity 9389K, committed 9472K, reserved 1048576K
}
Event: 14.295 GC heap after
{Heap after GC invocations=15 (full 0):
 garbage-first heap   total 157696K, used 57892K [0x0000000080000000, 0x0000000100000000)
  region size 1024K, 6 young (6144K), 6 survivors (6144K)
 Metaspace       used 68354K, capacity 69939K, committed 70224K, reserved 1110016K
  class space    used 8802K, capacity 9389K, committed 9472K, reserved 1048576K
}

