# JRE version: OpenJDK Runtime Environment (11.0.8+10) (build 11.0.8+10-b944.6842174)
# Java VM: OpenJDK 64-Bit Server VM (11.0.8+10-b944.6842174, mixed mode, tiered, compressed oops, g1 gc, windows-amd64)
Heap:
 garbage-first heap   total 157696K, used 88255K [0x0000000080000000, 0x0000000100000000)
  region size 1024K, 24 young (24576K), 4 survivors (4096K)
 Metaspace       used 77227K, capacity 79226K, committed 79568K, reserved 1118208K
  class space    used 10009K, capacity 10768K, committed 10880K, reserved 1048576K
GC Heap History (20 events):
Event: 7.637 GC heap before
{Heap before GC invocations=7 (full 0):
 garbage-first heap   total 131072K, used 78188K [0x0000000080000000, 0x0000000100000000)
  region size 1024K, 60 young (61440K), 6 survivors (6144K)
 Metaspace       used 40079K, capacity 40938K, committed 41168K, reserved 1085440K
  class space    used 5118K, capacity 5418K, committed 5504K, reserved 1048576K
}
Event: 7.646 GC heap after
{Heap after GC invocations=8 (full 0):
 garbage-first heap   total 131072K, used 24716K [0x0000000080000000, 0x0000000100000000)
  region size 1024K, 8 young (8192K), 8 survivors (8192K)
 Metaspace       used 40079K, capacity 40938K, committed 41168K, reserved 1085440K
  class space    used 5118K, capacity 5418K, committed 5504K, reserved 1048576K
}
Event: 8.758 GC heap before
{Heap before GC invocations=8 (full 0):
 garbage-first heap   total 131072K, used 82060K [0x0000000080000000, 0x0000000100000000)
  region size 1024K, 64 young (65536K), 8 survivors (8192K)
 Metaspace       used 43347K, capacity 44348K, committed 44496K, reserved 1087488K
  class space    used 5549K, capacity 5894K, committed 6016K, reserved 1048576K
}
Event: 8.768 GC heap after
{Heap after GC invocations=9 (full 0):
 garbage-first heap   total 131072K, used 27528K [0x0000000080000000, 0x0000000100000000)
  region size 1024K, 7 young (7168K), 7 survivors (7168K)
 Metaspace       used 43347K, capacity 44348K, committed 44496K, reserved 1087488K
  class space    used 5549K, capacity 5894K, committed 6016K, reserved 1048576K
}
Event: 9.862 GC heap before
{Heap before GC invocations=9 (full 0):
 garbage-first heap   total 131072K, used 94088K [0x0000000080000000, 0x0000000100000000)
  region size 1024K, 66 young (67584K), 7 survivors (7168K)
 Metaspace       used 48779K, capacity 50081K, committed 50384K, reserved 1093632K
  class space    used 6247K, capacity 6705K, committed 6784K, reserved 1048576K
}
Event: 9.874 GC heap after
{Heap after GC invocations=10 (full 0):
 garbage-first heap   total 131072K, used 41294K [0x0000000080000000, 0x0000000100000000)
  region size 1024K, 9 young (9216K), 9 survivors (9216K)
 Metaspace       used 48779K, capacity 50081K, committed 50384K, reserved 1093632K
  class space    used 6247K, capacity 6705K, committed 6784K, reserved 1048576K
}
Event: 11.236 GC heap before
{Heap before GC invocations=10 (full 0):
 garbage-first heap   total 131072K, used 91470K [0x0000000080000000, 0x0000000100000000)
  region size 1024K, 59 young (60416K), 9 survivors (9216K)
 Metaspace       used 55473K, capacity 56739K, committed 56784K, reserved 1099776K
  class space    used 7044K, capacity 7507K, committed 7552K, reserved 1048576K
}
Event: 11.247 GC heap after
{Heap after GC invocations=11 (full 0):
 garbage-first heap   total 157696K, used 46713K [0x0000000080000000, 0x0000000100000000)
  region size 1024K, 5 young (5120K), 5 survivors (5120K)
 Metaspace       used 55473K, capacity 56739K, committed 56784K, reserved 1099776K
  class space    used 7044K, capacity 7507K, committed 7552K, reserved 1048576K
}
Event: 11.776 GC heap before
{Heap before GC invocations=11 (full 0):
 garbage-first heap   total 157696K, used 66169K [0x0000000080000000, 0x0000000100000000)
  region size 1024K, 25 young (25600K), 5 survivors (5120K)
 Metaspace       used 58870K, capacity 60142K, committed 60240K, reserved 1101824K
  class space    used 7419K, capacity 7917K, committed 7936K, reserved 1048576K
}
Event: 11.785 GC heap after
{Heap after GC invocations=12 (full 0):
 garbage-first heap   total 157696K, used 47811K [0x0000000080000000, 0x0000000100000000)
  region size 1024K, 6 young (6144K), 6 survivors (6144K)
 Metaspace       used 58870K, capacity 60142K, committed 60240K, reserved 1101824K
  class space    used 7419K, capacity 7917K, committed 7936K, reserved 1048576K
}
Event: 13.014 GC heap before
{Heap before GC invocations=13 (full 0):
 garbage-first heap   total 157696K, used 109251K [0x0000000080000000, 0x0000000100000000)
  region size 1024K, 66 young (67584K), 6 survivors (6144K)
 Metaspace       used 63013K, capacity 64496K, committed 64720K, reserved 1105920K
  class space    used 7936K, capacity 8471K, committed 8576K, reserved 1048576K
}
Event: 13.028 GC heap after
{Heap after GC invocations=14 (full 0):
 garbage-first heap   total 157696K, used 52451K [0x0000000080000000, 0x0000000100000000)
  region size 1024K, 7 young (7168K), 7 survivors (7168K)
 Metaspace       used 63013K, capacity 64496K, committed 64720K, reserved 1105920K
  class space    used 7936K, capacity 8471K, committed 8576K, reserved 1048576K
}
Event: 14.525 GC heap before
{Heap before GC invocations=14 (full 0):
 garbage-first heap   total 157696K, used 112867K [0x0000000080000000, 0x0000000100000000)
  region size 1024K, 66 young (67584K), 7 survivors (7168K)
 Metaspace       used 68157K, capacity 69707K, committed 69968K, reserved 1110016K
  class space    used 8766K, capacity 9352K, committed 9472K, reserved 1048576K
}
Event: 14.534 GC heap after
{Heap after GC invocations=15 (full 0):
 garbage-first heap   total 157696K, used 57295K [0x0000000080000000, 0x0000000100000000)
  region size 1024K, 5 young (5120K), 5 survivors (5120K)
 Metaspace       used 68157K, capacity 69707K, committed 69968K, reserved 1110016K
  class space    used 8766K, capacity 9352K, committed 9472K, reserved 1048576K
}
Event: 15.582 GC heap before
{Heap before GC invocations=15 (full 0):
 garbage-first heap   total 157696K, used 116687K [0x0000000080000000, 0x0000000100000000)
  region size 1024K, 63 young (64512K), 5 survivors (5120K)
 Metaspace       used 73132K, capacity 74796K, committed 75088K, reserved 1114112K
  class space    used 9510K, capacity 10131K, committed 10240K, reserved 1048576K
}
Event: 15.591 GC heap after
{Heap after GC invocations=16 (full 0):
 garbage-first heap   total 157696K, used 61000K [0x0000000080000000, 0x0000000100000000)
  region size 1024K, 4 young (4096K), 4 survivors (4096K)
 Metaspace       used 73132K, capacity 74796K, committed 75088K, reserved 1114112K
  class space    used 9510K, capacity 10131K, committed 10240K, reserved 1048576K
}
Event: 16.871 GC heap before
{Heap before GC invocations=16 (full 0):
 garbage-first heap   total 157696K, used 119368K [0x0000000080000000, 0x0000000100000000)
  region size 1024K, 62 young (63488K), 4 survivors (4096K)
 Metaspace       used 76558K, capacity 78557K, committed 78672K, reserved 1118208K
  class space    used 9994K, capacity 10720K, committed 10752K, reserved 1048576K
}
Event: 16.883 GC heap after
{Heap after GC invocations=17 (full 0):
 garbage-first heap   total 157696K, used 65987K [0x0000000080000000, 0x0000000100000000)
  region size 1024K, 8 young (8192K), 8 survivors (8192K)
 Metaspace       used 76558K, capacity 78557K, committed 78672K, reserved 1118208K
  class space    used 9994K, capacity 10720K, committed 10752K, reserved 1048576K
}
Event: 17.867 GC heap before
{Heap before GC invocations=17 (full 0):
 garbage-first heap   total 157696K, used 123331K [0x0000000080000000, 0x0000000100000000)
  region size 1024K, 64 young (65536K), 8 survivors (8192K)
 Metaspace       used 77032K, capacity 79050K, committed 79184K, reserved 1118208K
  class space    used 10001K, capacity 10725K, committed 10752K, reserved 1048576K
}
Event: 17.880 GC heap after
{Heap after GC invocations=18 (full 0):
 garbage-first heap   total 157696K, used 69823K [0x0000000080000000, 0x0000000100000000)
  region size 1024K, 4 young (4096K), 4 survivors (4096K)
 Metaspace       used 77032K, capacity 79050K, committed 79184K, reserved 1118208K
  class space    used 10001K, capacity 10725K, committed 10752K, reserved 1048576K
}

