# JRE version: OpenJDK Runtime Environment (11.0.8+10) (build 11.0.8+10-b944.6842174)
# Java VM: OpenJDK 64-Bit Server VM (11.0.8+10-b944.6842174, mixed mode, tiered, compressed oops, g1 gc, windows-amd64)
Heap:
 garbage-first heap   total 157696K, used 63450K [0x0000000080000000, 0x0000000100000000)
  region size 1024K, 11 young (11264K), 8 survivors (8192K)
 Metaspace       used 72831K, capacity 74507K, committed 74704K, reserved 1114112K
  class space    used 9474K, capacity 10099K, committed 10112K, reserved 1048576K
GC Heap History (20 events):
Event: 2.759 GC heap before
{Heap before GC invocations=2 (full 0):
 garbage-first heap   total 131072K, used 19370K [0x0000000080000000, 0x0000000100000000)
  region size 1024K, 15 young (15360K), 10 survivors (10240K)
 Metaspace       used 20672K, capacity 21124K, committed 21296K, reserved 1069056K
  class space    used 2430K, capacity 2607K, committed 2688K, reserved 1048576K
}
Event: 2.768 GC heap after
{Heap after GC invocations=3 (full 0):
 garbage-first heap   total 131072K, used 16314K [0x0000000080000000, 0x0000000100000000)
  region size 1024K, 1 young (1024K), 1 survivors (1024K)
 Metaspace       used 20672K, capacity 21124K, committed 21296K, reserved 1069056K
  class space    used 2430K, capacity 2607K, committed 2688K, reserved 1048576K
}
Event: 3.580 GC heap before
{Heap before GC invocations=4 (full 0):
 garbage-first heap   total 131072K, used 67514K [0x0000000080000000, 0x0000000100000000)
  region size 1024K, 51 young (52224K), 1 survivors (1024K)
 Metaspace       used 26594K, capacity 27214K, committed 27440K, reserved 1073152K
  class space    used 3407K, capacity 3599K, committed 3712K, reserved 1048576K
}
Event: 3.583 GC heap after
{Heap after GC invocations=5 (full 0):
 garbage-first heap   total 131072K, used 17722K [0x0000000080000000, 0x0000000100000000)
  region size 1024K, 3 young (3072K), 3 survivors (3072K)
 Metaspace       used 26594K, capacity 27214K, committed 27440K, reserved 1073152K
  class space    used 3407K, capacity 3599K, committed 3712K, reserved 1048576K
}
Event: 4.315 GC heap before
{Heap before GC invocations=5 (full 0):
 garbage-first heap   total 131072K, used 61754K [0x0000000080000000, 0x0000000100000000)
  region size 1024K, 47 young (48128K), 3 survivors (3072K)
 Metaspace       used 35099K, capacity 35759K, committed 35920K, reserved 1081344K
  class space    used 4487K, capacity 4745K, committed 4864K, reserved 1048576K
}
Event: 4.325 GC heap after
{Heap after GC invocations=6 (full 0):
 garbage-first heap   total 131072K, used 20924K [0x0000000080000000, 0x0000000100000000)
  region size 1024K, 6 young (6144K), 6 survivors (6144K)
 Metaspace       used 35099K, capacity 35759K, committed 35920K, reserved 1081344K
  class space    used 4487K, capacity 4745K, committed 4864K, reserved 1048576K
}
Event: 5.428 GC heap before
{Heap before GC invocations=7 (full 0):
 garbage-first heap   total 131072K, used 85436K [0x0000000080000000, 0x0000000100000000)
  region size 1024K, 66 young (67584K), 6 survivors (6144K)
 Metaspace       used 40360K, capacity 41171K, committed 41424K, reserved 1085440K
  class space    used 5158K, capacity 5453K, committed 5504K, reserved 1048576K
}
Event: 5.439 GC heap after
{Heap after GC invocations=8 (full 0):
 garbage-first heap   total 131072K, used 25130K [0x0000000080000000, 0x0000000100000000)
  region size 1024K, 8 young (8192K), 8 survivors (8192K)
 Metaspace       used 40360K, capacity 41171K, committed 41424K, reserved 1085440K
  class space    used 5158K, capacity 5453K, committed 5504K, reserved 1048576K
}
Event: 6.374 GC heap before
{Heap before GC invocations=8 (full 0):
 garbage-first heap   total 131072K, used 87594K [0x0000000080000000, 0x0000000100000000)
  region size 1024K, 69 young (70656K), 8 survivors (8192K)
 Metaspace       used 43499K, capacity 44489K, committed 44752K, reserved 1087488K
  class space    used 5559K, capacity 5897K, committed 6016K, reserved 1048576K
}
Event: 6.381 GC heap after
{Heap after GC invocations=9 (full 0):
 garbage-first heap   total 157696K, used 28073K [0x0000000080000000, 0x0000000100000000)
  region size 1024K, 7 young (7168K), 7 survivors (7168K)
 Metaspace       used 43499K, capacity 44489K, committed 44752K, reserved 1087488K
  class space    used 5559K, capacity 5897K, committed 6016K, reserved 1048576K
}
Event: 7.942 GC heap before
{Heap before GC invocations=9 (full 0):
 garbage-first heap   total 157696K, used 113065K [0x0000000080000000, 0x0000000100000000)
  region size 1024K, 85 young (87040K), 7 survivors (7168K)
 Metaspace       used 53784K, capacity 55035K, committed 55248K, reserved 1097728K
  class space    used 6818K, capacity 7267K, committed 7296K, reserved 1048576K
}
Event: 7.952 GC heap after
{Heap after GC invocations=10 (full 0):
 garbage-first heap   total 157696K, used 43405K [0x0000000080000000, 0x0000000100000000)
  region size 1024K, 11 young (11264K), 11 survivors (11264K)
 Metaspace       used 53784K, capacity 55035K, committed 55248K, reserved 1097728K
  class space    used 6818K, capacity 7267K, committed 7296K, reserved 1048576K
}
Event: 8.753 GC heap before
{Heap before GC invocations=10 (full 0):
 garbage-first heap   total 157696K, used 86413K [0x0000000080000000, 0x0000000100000000)
  region size 1024K, 54 young (55296K), 11 survivors (11264K)
 Metaspace       used 58874K, capacity 60205K, committed 60240K, reserved 1101824K
  class space    used 7422K, capacity 7917K, committed 7936K, reserved 1048576K
}
Event: 8.767 GC heap after
{Heap after GC invocations=11 (full 0):
 garbage-first heap   total 157696K, used 48492K [0x0000000080000000, 0x0000000100000000)
  region size 1024K, 5 young (5120K), 5 survivors (5120K)
 Metaspace       used 58874K, capacity 60205K, committed 60240K, reserved 1101824K
  class space    used 7422K, capacity 7917K, committed 7936K, reserved 1048576K
}
Event: 9.681 GC heap before
{Heap before GC invocations=12 (full 0):
 garbage-first heap   total 157696K, used 107884K [0x0000000080000000, 0x0000000100000000)
  region size 1024K, 63 young (64512K), 5 survivors (5120K)
 Metaspace       used 62707K, capacity 64229K, committed 64464K, reserved 1105920K
  class space    used 7915K, capacity 8466K, committed 8576K, reserved 1048576K
}
Event: 9.697 GC heap after
{Heap after GC invocations=13 (full 0):
 garbage-first heap   total 157696K, used 53226K [0x0000000080000000, 0x0000000100000000)
  region size 1024K, 8 young (8192K), 8 survivors (8192K)
 Metaspace       used 62707K, capacity 64229K, committed 64464K, reserved 1105920K
  class space    used 7915K, capacity 8466K, committed 8576K, reserved 1048576K
}
Event: 10.682 GC heap before
{Heap before GC invocations=14 (full 0):
 garbage-first heap   total 157696K, used 112618K [0x0000000080000000, 0x0000000100000000)
  region size 1024K, 66 young (67584K), 8 survivors (8192K)
 Metaspace       used 67603K, capacity 69164K, committed 69328K, reserved 1110016K
  class space    used 8709K, capacity 9255K, committed 9344K, reserved 1048576K
}
Event: 10.691 GC heap after
{Heap after GC invocations=15 (full 0):
 garbage-first heap   total 157696K, used 57954K [0x0000000080000000, 0x0000000100000000)
  region size 1024K, 9 young (9216K), 9 survivors (9216K)
 Metaspace       used 67603K, capacity 69164K, committed 69328K, reserved 1110016K
  class space    used 8709K, capacity 9255K, committed 9344K, reserved 1048576K
}
Event: 12.835 GC heap before
{Heap before GC invocations=15 (full 0):
 garbage-first heap   total 157696K, used 116322K [0x0000000080000000, 0x0000000100000000)
  region size 1024K, 66 young (67584K), 9 survivors (9216K)
 Metaspace       used 72595K, capacity 74245K, committed 74448K, reserved 1114112K
  class space    used 9434K, capacity 10054K, committed 10112K, reserved 1048576K
}
Event: 12.845 GC heap after
{Heap after GC invocations=16 (full 0):
 garbage-first heap   total 157696K, used 61402K [0x0000000080000000, 0x0000000100000000)
  region size 1024K, 8 young (8192K), 8 survivors (8192K)
 Metaspace       used 72595K, capacity 74245K, committed 74448K, reserved 1114112K
  class space    used 9434K, capacity 10054K, committed 10112K, reserved 1048576K
}

