# JRE version: OpenJDK Runtime Environment (11.0.8+10) (build 11.0.8+10-b944.6842174)
# Java VM: OpenJDK 64-Bit Server VM (11.0.8+10-b944.6842174, mixed mode, tiered, compressed oops, g1 gc, windows-amd64)
Heap:
 garbage-first heap   total 157696K, used 49545K [0x0000000080000000, 0x0000000100000000)
  region size 1024K, 18 young (18432K), 11 survivors (11264K)
 Metaspace       used 53851K, capacity 55127K, committed 55376K, reserved 1097728K
  class space    used 6826K, capacity 7299K, committed 7424K, reserved 1048576K
GC Heap History (16 events):
Event: 0.755 GC heap before
{Heap before GC invocations=0 (full 0):
 garbage-first heap   total 131072K, used 29696K [0x0000000080000000, 0x0000000100000000)
  region size 1024K, 24 young (24576K), 0 survivors (0K)
 Metaspace       used 10808K, capacity 11077K, committed 11264K, reserved 1058816K
  class space    used 1146K, capacity 1203K, committed 1280K, reserved 1048576K
}
Event: 0.761 GC heap after
{Heap after GC invocations=1 (full 0):
 garbage-first heap   total 131072K, used 8753K [0x0000000080000000, 0x0000000100000000)
  region size 1024K, 3 young (3072K), 3 survivors (3072K)
 Metaspace       used 10808K, capacity 11077K, committed 11264K, reserved 1058816K
  class space    used 1146K, capacity 1203K, committed 1280K, reserved 1048576K
}
Event: 2.386 GC heap before
{Heap before GC invocations=1 (full 0):
 garbage-first heap   total 131072K, used 82481K [0x0000000080000000, 0x0000000100000000)
  region size 1024K, 76 young (77824K), 3 survivors (3072K)
 Metaspace       used 19357K, capacity 19761K, committed 19968K, reserved 1067008K
  class space    used 2343K, capacity 2470K, committed 2560K, reserved 1048576K
}
Event: 2.393 GC heap after
{Heap after GC invocations=2 (full 0):
 garbage-first heap   total 131072K, used 15473K [0x0000000080000000, 0x0000000100000000)
  region size 1024K, 10 young (10240K), 10 survivors (10240K)
 Metaspace       used 19357K, capacity 19761K, committed 19968K, reserved 1067008K
  class space    used 2343K, capacity 2470K, committed 2560K, reserved 1048576K
}
Event: 2.445 GC heap before
{Heap before GC invocations=2 (full 0):
 garbage-first heap   total 131072K, used 20593K [0x0000000080000000, 0x0000000100000000)
  region size 1024K, 16 young (16384K), 10 survivors (10240K)
 Metaspace       used 20652K, capacity 21120K, committed 21296K, reserved 1069056K
  class space    used 2430K, capacity 2607K, committed 2688K, reserved 1048576K
}
Event: 2.452 GC heap after
{Heap after GC invocations=3 (full 0):
 garbage-first heap   total 131072K, used 16237K [0x0000000080000000, 0x0000000100000000)
  region size 1024K, 1 young (1024K), 1 survivors (1024K)
 Metaspace       used 20652K, capacity 21120K, committed 21296K, reserved 1069056K
  class space    used 2430K, capacity 2607K, committed 2688K, reserved 1048576K
}
Event: 3.062 GC heap before
{Heap before GC invocations=4 (full 0):
 garbage-first heap   total 131072K, used 68461K [0x0000000080000000, 0x0000000100000000)
  region size 1024K, 52 young (53248K), 1 survivors (1024K)
 Metaspace       used 26677K, capacity 27301K, committed 27440K, reserved 1073152K
  class space    used 3424K, capacity 3609K, committed 3712K, reserved 1048576K
}
Event: 3.066 GC heap after
{Heap after GC invocations=5 (full 0):
 garbage-first heap   total 131072K, used 17889K [0x0000000080000000, 0x0000000100000000)
  region size 1024K, 3 young (3072K), 3 survivors (3072K)
 Metaspace       used 26677K, capacity 27301K, committed 27440K, reserved 1073152K
  class space    used 3424K, capacity 3609K, committed 3712K, reserved 1048576K
}
Event: 3.714 GC heap before
{Heap before GC invocations=5 (full 0):
 garbage-first heap   total 131072K, used 60897K [0x0000000080000000, 0x0000000100000000)
  region size 1024K, 46 young (47104K), 3 survivors (3072K)
 Metaspace       used 35093K, capacity 35755K, committed 35920K, reserved 1081344K
  class space    used 4487K, capacity 4745K, committed 4864K, reserved 1048576K
}
Event: 3.723 GC heap after
{Heap after GC invocations=6 (full 0):
 garbage-first heap   total 131072K, used 20988K [0x0000000080000000, 0x0000000100000000)
  region size 1024K, 6 young (6144K), 6 survivors (6144K)
 Metaspace       used 35093K, capacity 35755K, committed 35920K, reserved 1081344K
  class space    used 4487K, capacity 4745K, committed 4864K, reserved 1048576K
}
Event: 4.498 GC heap before
{Heap before GC invocations=7 (full 0):
 garbage-first heap   total 131072K, used 86524K [0x0000000080000000, 0x0000000100000000)
  region size 1024K, 67 young (68608K), 6 survivors (6144K)
 Metaspace       used 40438K, capacity 41279K, committed 41424K, reserved 1085440K
  class space    used 5176K, capacity 5491K, committed 5504K, reserved 1048576K
}
Event: 4.508 GC heap after
{Heap after GC invocations=8 (full 0):
 garbage-first heap   total 131072K, used 25022K [0x0000000080000000, 0x0000000100000000)
  region size 1024K, 8 young (8192K), 8 survivors (8192K)
 Metaspace       used 40438K, capacity 41279K, committed 41424K, reserved 1085440K
  class space    used 5176K, capacity 5491K, committed 5504K, reserved 1048576K
}
Event: 5.251 GC heap before
{Heap before GC invocations=8 (full 0):
 garbage-first heap   total 131072K, used 88510K [0x0000000080000000, 0x0000000100000000)
  region size 1024K, 70 young (71680K), 8 survivors (8192K)
 Metaspace       used 43533K, capacity 44605K, committed 44752K, reserved 1087488K
  class space    used 5569K, capacity 5937K, committed 6016K, reserved 1048576K
}
Event: 5.262 GC heap after
{Heap after GC invocations=9 (full 0):
 garbage-first heap   total 157696K, used 28498K [0x0000000080000000, 0x0000000100000000)
  region size 1024K, 8 young (8192K), 8 survivors (8192K)
 Metaspace       used 43533K, capacity 44605K, committed 44752K, reserved 1087488K
  class space    used 5569K, capacity 5937K, committed 6016K, reserved 1048576K
}
Event: 6.685 GC heap before
{Heap before GC invocations=9 (full 0):
 garbage-first heap   total 157696K, used 112466K [0x0000000080000000, 0x0000000100000000)
  region size 1024K, 85 young (87040K), 8 survivors (8192K)
 Metaspace       used 53764K, capacity 54964K, committed 55248K, reserved 1097728K
  class space    used 6817K, capacity 7266K, committed 7296K, reserved 1048576K
}
Event: 6.702 GC heap after
{Heap after GC invocations=10 (full 0):
 garbage-first heap   total 157696K, used 44425K [0x0000000080000000, 0x0000000100000000)
  region size 1024K, 11 young (11264K), 11 survivors (11264K)
 Metaspace       used 53764K, capacity 54964K, committed 55248K, reserved 1097728K
  class space    used 6817K, capacity 7266K, committed 7296K, reserved 1048576K
}

