# JRE version: OpenJDK Runtime Environment (11.0.8+10) (build 11.0.8+10-b944.6842174)
# Java VM: OpenJDK 64-Bit Server VM (11.0.8+10-b944.6842174, mixed mode, tiered, compressed oops, g1 gc, windows-amd64)
Heap:
 garbage-first heap   total 157696K, used 82309K [0x0000000080000000, 0x0000000100000000)
  region size 1024K, 30 young (30720K), 9 survivors (9216K)
 Metaspace       used 75262K, capacity 77036K, committed 77136K, reserved 1116160K
  class space    used 9786K, capacity 10441K, committed 10496K, reserved 1048576K
GC Heap History (20 events):
Event: 3.821 GC heap before
{Heap before GC invocations=4 (full 0):
 garbage-first heap   total 131072K, used 60664K [0x0000000080000000, 0x0000000100000000)
  region size 1024K, 44 young (45056K), 1 survivors (1024K)
 Metaspace       used 25902K, capacity 26442K, committed 26544K, reserved 1073152K
  class space    used 3295K, capacity 3489K, committed 3584K, reserved 1048576K
}
Event: 3.825 GC heap after
{Heap after GC invocations=5 (full 0):
 garbage-first heap   total 131072K, used 17969K [0x0000000080000000, 0x0000000100000000)
  region size 1024K, 3 young (3072K), 3 survivors (3072K)
 Metaspace       used 25902K, capacity 26442K, committed 26544K, reserved 1073152K
  class space    used 3295K, capacity 3489K, committed 3584K, reserved 1048576K
}
Event: 4.923 GC heap before
{Heap before GC invocations=5 (full 0):
 garbage-first heap   total 131072K, used 68145K [0x0000000080000000, 0x0000000100000000)
  region size 1024K, 52 young (53248K), 3 survivors (3072K)
 Metaspace       used 34806K, capacity 35447K, committed 35632K, reserved 1081344K
  class space    used 4453K, capacity 4706K, committed 4736K, reserved 1048576K
}
Event: 4.930 GC heap after
{Heap after GC invocations=6 (full 0):
 garbage-first heap   total 131072K, used 21056K [0x0000000080000000, 0x0000000100000000)
  region size 1024K, 6 young (6144K), 6 survivors (6144K)
 Metaspace       used 34806K, capacity 35447K, committed 35632K, reserved 1081344K
  class space    used 4453K, capacity 4706K, committed 4736K, reserved 1048576K
}
Event: 4.984 GC heap before
{Heap before GC invocations=6 (full 0):
 garbage-first heap   total 131072K, used 24128K [0x0000000080000000, 0x0000000100000000)
  region size 1024K, 10 young (10240K), 6 survivors (6144K)
 Metaspace       used 35142K, capacity 35795K, committed 35920K, reserved 1081344K
  class space    used 4497K, capacity 4779K, committed 4864K, reserved 1048576K
}
Event: 4.994 GC heap after
{Heap after GC invocations=7 (full 0):
 garbage-first heap   total 131072K, used 21565K [0x0000000080000000, 0x0000000100000000)
  region size 1024K, 4 young (4096K), 4 survivors (4096K)
 Metaspace       used 35142K, capacity 35795K, committed 35920K, reserved 1081344K
  class space    used 4497K, capacity 4779K, committed 4864K, reserved 1048576K
}
Event: 6.325 GC heap before
{Heap before GC invocations=8 (full 0):
 garbage-first heap   total 131072K, used 83005K [0x0000000080000000, 0x0000000100000000)
  region size 1024K, 62 young (63488K), 4 survivors (4096K)
 Metaspace       used 40317K, capacity 41171K, committed 41424K, reserved 1085440K
  class space    used 5155K, capacity 5453K, committed 5504K, reserved 1048576K
}
Event: 6.338 GC heap after
{Heap after GC invocations=9 (full 0):
 garbage-first heap   total 131072K, used 25321K [0x0000000080000000, 0x0000000100000000)
  region size 1024K, 8 young (8192K), 8 survivors (8192K)
 Metaspace       used 40317K, capacity 41171K, committed 41424K, reserved 1085440K
  class space    used 5155K, capacity 5453K, committed 5504K, reserved 1048576K
}
Event: 8.075 GC heap before
{Heap before GC invocations=9 (full 0):
 garbage-first heap   total 131072K, used 85737K [0x0000000080000000, 0x0000000100000000)
  region size 1024K, 67 young (68608K), 8 survivors (8192K)
 Metaspace       used 43386K, capacity 44271K, committed 44368K, reserved 1087488K
  class space    used 5538K, capacity 5868K, committed 5888K, reserved 1048576K
}
Event: 8.088 GC heap after
{Heap after GC invocations=10 (full 0):
 garbage-first heap   total 157696K, used 28060K [0x0000000080000000, 0x0000000100000000)
  region size 1024K, 7 young (7168K), 7 survivors (7168K)
 Metaspace       used 43386K, capacity 44271K, committed 44368K, reserved 1087488K
  class space    used 5538K, capacity 5868K, committed 5888K, reserved 1048576K
}
Event: 9.465 GC heap before
{Heap before GC invocations=10 (full 0):
 garbage-first heap   total 157696K, used 109980K [0x0000000080000000, 0x0000000100000000)
  region size 1024K, 82 young (83968K), 7 survivors (7168K)
 Metaspace       used 51558K, capacity 52813K, committed 52944K, reserved 1095680K
  class space    used 6530K, capacity 6974K, committed 7040K, reserved 1048576K
}
Event: 9.478 GC heap after
{Heap after GC invocations=11 (full 0):
 garbage-first heap   total 157696K, used 43238K [0x0000000080000000, 0x0000000100000000)
  region size 1024K, 11 young (11264K), 11 survivors (11264K)
 Metaspace       used 51558K, capacity 52813K, committed 52944K, reserved 1095680K
  class space    used 6530K, capacity 6974K, committed 7040K, reserved 1048576K
}
Event: 10.702 GC heap before
{Heap before GC invocations=11 (full 0):
 garbage-first heap   total 157696K, used 101606K [0x0000000080000000, 0x0000000100000000)
  region size 1024K, 69 young (70656K), 11 survivors (11264K)
 Metaspace       used 58870K, capacity 60225K, committed 60240K, reserved 1101824K
  class space    used 7411K, capacity 7923K, committed 7936K, reserved 1048576K
}
Event: 10.721 GC heap after
{Heap after GC invocations=12 (full 0):
 garbage-first heap   total 157696K, used 47692K [0x0000000080000000, 0x0000000100000000)
  region size 1024K, 5 young (5120K), 5 survivors (5120K)
 Metaspace       used 58870K, capacity 60225K, committed 60240K, reserved 1101824K
  class space    used 7411K, capacity 7923K, committed 7936K, reserved 1048576K
}
Event: 12.418 GC heap before
{Heap before GC invocations=13 (full 0):
 garbage-first heap   total 157696K, used 111180K [0x0000000080000000, 0x0000000100000000)
  region size 1024K, 67 young (68608K), 5 survivors (5120K)
 Metaspace       used 63157K, capacity 64570K, committed 64720K, reserved 1105920K
  class space    used 7959K, capacity 8474K, committed 8576K, reserved 1048576K
}
Event: 12.430 GC heap after
{Heap after GC invocations=14 (full 0):
 garbage-first heap   total 157696K, used 53397K [0x0000000080000000, 0x0000000100000000)
  region size 1024K, 6 young (6144K), 6 survivors (6144K)
 Metaspace       used 63157K, capacity 64570K, committed 64720K, reserved 1105920K
  class space    used 7959K, capacity 8474K, committed 8576K, reserved 1048576K
}
Event: 14.078 GC heap before
{Heap before GC invocations=14 (full 0):
 garbage-first heap   total 157696K, used 115861K [0x0000000080000000, 0x0000000100000000)
  region size 1024K, 67 young (68608K), 6 survivors (6144K)
 Metaspace       used 68423K, capacity 70014K, committed 70224K, reserved 1110016K
  class space    used 8806K, capacity 9391K, committed 9472K, reserved 1048576K
}
Event: 14.089 GC heap after
{Heap after GC invocations=15 (full 0):
 garbage-first heap   total 157696K, used 57916K [0x0000000080000000, 0x0000000100000000)
  region size 1024K, 5 young (5120K), 5 survivors (5120K)
 Metaspace       used 68423K, capacity 70014K, committed 70224K, reserved 1110016K
  class space    used 8806K, capacity 9391K, committed 9472K, reserved 1048576K
}
Event: 15.274 GC heap before
{Heap before GC invocations=15 (full 0):
 garbage-first heap   total 157696K, used 119356K [0x0000000080000000, 0x0000000100000000)
  region size 1024K, 65 young (66560K), 5 survivors (5120K)
 Metaspace       used 73636K, capacity 75271K, committed 75344K, reserved 1114112K
  class space    used 9566K, capacity 10204K, committed 10240K, reserved 1048576K
}
Event: 15.283 GC heap after
{Heap after GC invocations=16 (full 0):
 garbage-first heap   total 157696K, used 61829K [0x0000000080000000, 0x0000000100000000)
  region size 1024K, 9 young (9216K), 9 survivors (9216K)
 Metaspace       used 73636K, capacity 75271K, committed 75344K, reserved 1114112K
  class space    used 9566K, capacity 10204K, committed 10240K, reserved 1048576K
}

